<?xml version="1.0" encoding="UTF-8"?>
<testsuite xmlns:xsi="http://www.w3.org/2001/XMLSchema-instance" xsi:noNamespaceSchemaLocation="https://maven.apache.org/surefire/maven-failsafe-plugin/xsd/failsafe-test-report-3.0.xsd" version="3.0" name="Login page feature" time="29.778" tests="3" errors="1" skipped="0" failures="0">
  <properties>
    <property name="gopherProxySet" value="false"/>
    <property name="awt.toolkit" value="sun.lwawt.macosx.LWCToolkit"/>
    <property name="file.encoding.pkg" value="sun.io"/>
    <property name="java.specification.version" value="1.8"/>
    <property name="webdriver.chrome.driver" value="/Users/shanmugapriya_sabapa/.cache/selenium/chromedriver/mac64/94.0.4606.61/chromedriver"/>
    <property name="sun.cpu.isalist" value=""/>
    <property name="sun.jnu.encoding" value="UTF-8"/>
    <property name="java.class.path" value="/Users/shanmugapriya_sabapa/Desktop/Naveen materials/workspaces/target/test-classes:/Users/shanmugapriya_sabapa/Desktop/Naveen materials/workspaces/target/CucumberPOMProject-1.0-SNAPSHOT.jar:/Users/shanmugapriya_sabapa/.m2/repository/junit/junit/4.13.1/junit-4.13.1.jar:/Users/shanmugapriya_sabapa/.m2/repository/org/hamcrest/hamcrest-core/1.3/hamcrest-core-1.3.jar:/Users/shanmugapriya_sabapa/.m2/repository/io/cucumber/cucumber-java/6.9.0/cucumber-java-6.9.0.jar:/Users/shanmugapriya_sabapa/.m2/repository/io/cucumber/cucumber-core/6.9.0/cucumber-core-6.9.0.jar:/Users/shanmugapriya_sabapa/.m2/repository/io/cucumber/cucumber-gherkin/6.9.0/cucumber-gherkin-6.9.0.jar:/Users/shanmugapriya_sabapa/.m2/repository/io/cucumber/cucumber-gherkin-messages/6.9.0/cucumber-gherkin-messages-6.9.0.jar:/Users/shanmugapriya_sabapa/.m2/repository/io/cucumber/messages/13.2.0/messages-13.2.0.jar:/Users/shanmugapriya_sabapa/.m2/repository/io/cucumber/tag-expressions/3.0.0/tag-expressions-3.0.0.jar:/Users/shanmugapriya_sabapa/.m2/repository/io/cucumber/cucumber-expressions/10.3.0/cucumber-expressions-10.3.0.jar:/Users/shanmugapriya_sabapa/.m2/repository/io/cucumber/datatable/3.5.0/datatable-3.5.0.jar:/Users/shanmugapriya_sabapa/.m2/repository/io/cucumber/cucumber-plugin/6.9.0/cucumber-plugin-6.9.0.jar:/Users/shanmugapriya_sabapa/.m2/repository/io/cucumber/docstring/6.9.0/docstring-6.9.0.jar:/Users/shanmugapriya_sabapa/.m2/repository/io/cucumber/html-formatter/9.0.0/html-formatter-9.0.0.jar:/Users/shanmugapriya_sabapa/.m2/repository/io/cucumber/create-meta/2.0.4/create-meta-2.0.4.jar:/Users/shanmugapriya_sabapa/.m2/repository/org/apiguardian/apiguardian-api/1.1.0/apiguardian-api-1.1.0.jar:/Users/shanmugapriya_sabapa/.m2/repository/io/cucumber/cucumber-junit/6.9.0/cucumber-junit-6.9.0.jar:/Users/shanmugapriya_sabapa/.m2/repository/org/seleniumhq/selenium/selenium-java/3.141.59/selenium-java-3.141.59.jar:/Users/shanmugapriya_sabapa/.m2/repository/org/seleniumhq/selenium/selenium-api/3.141.59/selenium-api-3.141.59.jar:/Users/shanmugapriya_sabapa/.m2/repository/org/seleniumhq/selenium/selenium-chrome-driver/3.141.59/selenium-chrome-driver-3.141.59.jar:/Users/shanmugapriya_sabapa/.m2/repository/org/seleniumhq/selenium/selenium-edge-driver/3.141.59/selenium-edge-driver-3.141.59.jar:/Users/shanmugapriya_sabapa/.m2/repository/org/seleniumhq/selenium/selenium-firefox-driver/3.141.59/selenium-firefox-driver-3.141.59.jar:/Users/shanmugapriya_sabapa/.m2/repository/org/seleniumhq/selenium/selenium-ie-driver/3.141.59/selenium-ie-driver-3.141.59.jar:/Users/shanmugapriya_sabapa/.m2/repository/org/seleniumhq/selenium/selenium-opera-driver/3.141.59/selenium-opera-driver-3.141.59.jar:/Users/shanmugapriya_sabapa/.m2/repository/org/seleniumhq/selenium/selenium-remote-driver/3.141.59/selenium-remote-driver-3.141.59.jar:/Users/shanmugapriya_sabapa/.m2/repository/org/seleniumhq/selenium/selenium-safari-driver/3.141.59/selenium-safari-driver-3.141.59.jar:/Users/shanmugapriya_sabapa/.m2/repository/org/seleniumhq/selenium/selenium-support/3.141.59/selenium-support-3.141.59.jar:/Users/shanmugapriya_sabapa/.m2/repository/net/bytebuddy/byte-buddy/1.8.15/byte-buddy-1.8.15.jar:/Users/shanmugapriya_sabapa/.m2/repository/org/apache/commons/commons-exec/1.3/commons-exec-1.3.jar:/Users/shanmugapriya_sabapa/.m2/repository/com/google/guava/guava/25.0-jre/guava-25.0-jre.jar:/Users/shanmugapriya_sabapa/.m2/repository/com/google/code/findbugs/jsr305/1.3.9/jsr305-1.3.9.jar:/Users/shanmugapriya_sabapa/.m2/repository/org/checkerframework/checker-compat-qual/2.0.0/checker-compat-qual-2.0.0.jar:/Users/shanmugapriya_sabapa/.m2/repository/com/google/errorprone/error_prone_annotations/2.1.3/error_prone_annotations-2.1.3.jar:/Users/shanmugapriya_sabapa/.m2/repository/com/google/j2objc/j2objc-annotations/1.1/j2objc-annotations-1.1.jar:/Users/shanmugapriya_sabapa/.m2/repository/org/codehaus/mojo/animal-sniffer-annotations/1.14/animal-sniffer-annotations-1.14.jar:/Users/shanmugapriya_sabapa/.m2/repository/com/squareup/okhttp3/okhttp/3.11.0/okhttp-3.11.0.jar:/Users/shanmugapriya_sabapa/.m2/repository/com/squareup/okio/okio/1.14.0/okio-1.14.0.jar:/Users/shanmugapriya_sabapa/.m2/repository/io/github/bonigarcia/webdrivermanager/4.2.2/webdrivermanager-4.2.2.jar:/Users/shanmugapriya_sabapa/.m2/repository/org/slf4j/slf4j-api/1.7.30/slf4j-api-1.7.30.jar:/Users/shanmugapriya_sabapa/.m2/repository/commons-io/commons-io/2.8.0/commons-io-2.8.0.jar:/Users/shanmugapriya_sabapa/.m2/repository/com/google/code/gson/gson/2.8.6/gson-2.8.6.jar:/Users/shanmugapriya_sabapa/.m2/repository/org/apache/commons/commons-lang3/3.11/commons-lang3-3.11.jar:/Users/shanmugapriya_sabapa/.m2/repository/org/apache/httpcomponents/client5/httpclient5/5.0.1/httpclient5-5.0.1.jar:/Users/shanmugapriya_sabapa/.m2/repository/org/apache/httpcomponents/core5/httpcore5/5.0.1/httpcore5-5.0.1.jar:/Users/shanmugapriya_sabapa/.m2/repository/org/apache/httpcomponents/core5/httpcore5-h2/5.0.1/httpcore5-h2-5.0.1.jar:/Users/shanmugapriya_sabapa/.m2/repository/commons-codec/commons-codec/1.13/commons-codec-1.13.jar:/Users/shanmugapriya_sabapa/.m2/repository/org/rauschig/jarchivelib/1.1.0/jarchivelib-1.1.0.jar:/Users/shanmugapriya_sabapa/.m2/repository/org/apache/commons/commons-compress/1.20/commons-compress-1.20.jar:/Users/shanmugapriya_sabapa/.m2/repository/org/jsoup/jsoup/1.13.1/jsoup-1.13.1.jar:/Users/shanmugapriya_sabapa/.m2/repository/tech/grasshopper/extentreports-cucumber6-adapter/2.8.4/extentreports-cucumber6-adapter-2.8.4.jar:/Users/shanmugapriya_sabapa/.m2/repository/com/aventstack/extentreports/5.0.8/extentreports-5.0.8.jar:/Users/shanmugapriya_sabapa/.m2/repository/io/reactivex/rxjava3/rxjava/3.0.4/rxjava-3.0.4.jar:/Users/shanmugapriya_sabapa/.m2/repository/org/reactivestreams/reactive-streams/1.0.3/reactive-streams-1.0.3.jar:/Users/shanmugapriya_sabapa/.m2/repository/org/freemarker/freemarker/2.3.30/freemarker-2.3.30.jar:/Users/shanmugapriya_sabapa/.m2/repository/org/projectlombok/lombok/1.18.12/lombok-1.18.12.jar:/Users/shanmugapriya_sabapa/.m2/repository/tech/grasshopper/extent-pdf-report/1.7.4/extent-pdf-report-1.7.4.jar:/Users/shanmugapriya_sabapa/.m2/repository/tech/grasshopper/cucumber-pdf-report/2.2.4/cucumber-pdf-report-2.2.4.jar:/Users/shanmugapriya_sabapa/.m2/repository/org/apache/pdfbox/pdfbox/2.0.22/pdfbox-2.0.22.jar:/Users/shanmugapriya_sabapa/.m2/repository/org/apache/pdfbox/fontbox/2.0.22/fontbox-2.0.22.jar:/Users/shanmugapriya_sabapa/.m2/repository/org/knowm/xchart/xchart/3.8.0/xchart-3.8.0.jar:/Users/shanmugapriya_sabapa/.m2/repository/de/erichseifert/vectorgraphics2d/VectorGraphics2D/0.13/VectorGraphics2D-0.13.jar:/Users/shanmugapriya_sabapa/.m2/repository/de/rototor/pdfbox/graphics2d/0.30/graphics2d-0.30.jar:/Users/shanmugapriya_sabapa/.m2/repository/com/madgag/animated-gif-lib/1.4/animated-gif-lib-1.4.jar:/Users/shanmugapriya_sabapa/.m2/repository/org/yaml/snakeyaml/1.28/snakeyaml-1.28.jar:/Users/shanmugapriya_sabapa/.m2/repository/tech/grasshopper/table-layout/1.2.0/table-layout-1.2.0.jar:/Users/shanmugapriya_sabapa/.m2/repository/com/aventstack/klov-reporter/5.0.8/klov-reporter-5.0.8.jar:/Users/shanmugapriya_sabapa/.m2/repository/org/mongodb/bson/3.6.4/bson-3.6.4.jar:/Users/shanmugapriya_sabapa/.m2/repository/org/apache/httpcomponents/httpclient/4.5.2/httpclient-4.5.2.jar:/Users/shanmugapriya_sabapa/.m2/repository/org/apache/httpcomponents/httpcore/4.4.4/httpcore-4.4.4.jar:/Users/shanmugapriya_sabapa/.m2/repository/commons-logging/commons-logging/1.2/commons-logging-1.2.jar:/Users/shanmugapriya_sabapa/.m2/repository/org/apache/httpcomponents/httpmime/4.5.2/httpmime-4.5.2.jar:/Users/shanmugapriya_sabapa/.m2/repository/org/mongodb/mongodb-driver/3.3.0/mongodb-driver-3.3.0.jar:/Users/shanmugapriya_sabapa/.m2/repository/org/mongodb/mongodb-driver-core/3.3.0/mongodb-driver-core-3.3.0.jar:"/>
    <property name="sun.awt.enableExtraMouseButtons" value="true"/>
    <property name="java.vm.vendor" value="Oracle Corporation"/>
    <property name="sun.arch.data.model" value="64"/>
    <property name="sun.font.fontmanager" value="sun.font.CFontManager"/>
    <property name="java.vendor.url" value="http://java.oracle.com/"/>
    <property name="user.timezone" value="Asia/Kolkata"/>
    <property name="java.vm.specification.version" value="1.8"/>
    <property name="os.name" value="Mac OS X"/>
    <property name="user.country" value="IN"/>
    <property name="sun.java.launcher" value="SUN_STANDARD"/>
    <property name="sun.boot.library.path" value="/Library/Java/JavaVirtualMachines/jdk1.8.0_301.jdk/Contents/Home/jre/lib"/>
    <property name="sun.java.command" value="/Users/shanmugapriya_sabapa/Desktop/Naveen materials/workspaces/target/surefire/surefirebooter6470358156343393130.jar /Users/shanmugapriya_sabapa/Desktop/Naveen materials/workspaces/target/surefire 2021-10-02T19-52-06_750-jvmRun1 surefire4263094967178855550tmp surefire_03081244992807247615tmp"/>
    <property name="http.nonProxyHosts" value="local|*.local|169.254/16|*.169.254/16"/>
    <property name="surefire.test.class.path" value="/Users/shanmugapriya_sabapa/Desktop/Naveen materials/workspaces/target/test-classes:/Users/shanmugapriya_sabapa/Desktop/Naveen materials/workspaces/target/CucumberPOMProject-1.0-SNAPSHOT.jar:/Users/shanmugapriya_sabapa/.m2/repository/junit/junit/4.13.1/junit-4.13.1.jar:/Users/shanmugapriya_sabapa/.m2/repository/org/hamcrest/hamcrest-core/1.3/hamcrest-core-1.3.jar:/Users/shanmugapriya_sabapa/.m2/repository/io/cucumber/cucumber-java/6.9.0/cucumber-java-6.9.0.jar:/Users/shanmugapriya_sabapa/.m2/repository/io/cucumber/cucumber-core/6.9.0/cucumber-core-6.9.0.jar:/Users/shanmugapriya_sabapa/.m2/repository/io/cucumber/cucumber-gherkin/6.9.0/cucumber-gherkin-6.9.0.jar:/Users/shanmugapriya_sabapa/.m2/repository/io/cucumber/cucumber-gherkin-messages/6.9.0/cucumber-gherkin-messages-6.9.0.jar:/Users/shanmugapriya_sabapa/.m2/repository/io/cucumber/messages/13.2.0/messages-13.2.0.jar:/Users/shanmugapriya_sabapa/.m2/repository/io/cucumber/tag-expressions/3.0.0/tag-expressions-3.0.0.jar:/Users/shanmugapriya_sabapa/.m2/repository/io/cucumber/cucumber-expressions/10.3.0/cucumber-expressions-10.3.0.jar:/Users/shanmugapriya_sabapa/.m2/repository/io/cucumber/datatable/3.5.0/datatable-3.5.0.jar:/Users/shanmugapriya_sabapa/.m2/repository/io/cucumber/cucumber-plugin/6.9.0/cucumber-plugin-6.9.0.jar:/Users/shanmugapriya_sabapa/.m2/repository/io/cucumber/docstring/6.9.0/docstring-6.9.0.jar:/Users/shanmugapriya_sabapa/.m2/repository/io/cucumber/html-formatter/9.0.0/html-formatter-9.0.0.jar:/Users/shanmugapriya_sabapa/.m2/repository/io/cucumber/create-meta/2.0.4/create-meta-2.0.4.jar:/Users/shanmugapriya_sabapa/.m2/repository/org/apiguardian/apiguardian-api/1.1.0/apiguardian-api-1.1.0.jar:/Users/shanmugapriya_sabapa/.m2/repository/io/cucumber/cucumber-junit/6.9.0/cucumber-junit-6.9.0.jar:/Users/shanmugapriya_sabapa/.m2/repository/org/seleniumhq/selenium/selenium-java/3.141.59/selenium-java-3.141.59.jar:/Users/shanmugapriya_sabapa/.m2/repository/org/seleniumhq/selenium/selenium-api/3.141.59/selenium-api-3.141.59.jar:/Users/shanmugapriya_sabapa/.m2/repository/org/seleniumhq/selenium/selenium-chrome-driver/3.141.59/selenium-chrome-driver-3.141.59.jar:/Users/shanmugapriya_sabapa/.m2/repository/org/seleniumhq/selenium/selenium-edge-driver/3.141.59/selenium-edge-driver-3.141.59.jar:/Users/shanmugapriya_sabapa/.m2/repository/org/seleniumhq/selenium/selenium-firefox-driver/3.141.59/selenium-firefox-driver-3.141.59.jar:/Users/shanmugapriya_sabapa/.m2/repository/org/seleniumhq/selenium/selenium-ie-driver/3.141.59/selenium-ie-driver-3.141.59.jar:/Users/shanmugapriya_sabapa/.m2/repository/org/seleniumhq/selenium/selenium-opera-driver/3.141.59/selenium-opera-driver-3.141.59.jar:/Users/shanmugapriya_sabapa/.m2/repository/org/seleniumhq/selenium/selenium-remote-driver/3.141.59/selenium-remote-driver-3.141.59.jar:/Users/shanmugapriya_sabapa/.m2/repository/org/seleniumhq/selenium/selenium-safari-driver/3.141.59/selenium-safari-driver-3.141.59.jar:/Users/shanmugapriya_sabapa/.m2/repository/org/seleniumhq/selenium/selenium-support/3.141.59/selenium-support-3.141.59.jar:/Users/shanmugapriya_sabapa/.m2/repository/net/bytebuddy/byte-buddy/1.8.15/byte-buddy-1.8.15.jar:/Users/shanmugapriya_sabapa/.m2/repository/org/apache/commons/commons-exec/1.3/commons-exec-1.3.jar:/Users/shanmugapriya_sabapa/.m2/repository/com/google/guava/guava/25.0-jre/guava-25.0-jre.jar:/Users/shanmugapriya_sabapa/.m2/repository/com/google/code/findbugs/jsr305/1.3.9/jsr305-1.3.9.jar:/Users/shanmugapriya_sabapa/.m2/repository/org/checkerframework/checker-compat-qual/2.0.0/checker-compat-qual-2.0.0.jar:/Users/shanmugapriya_sabapa/.m2/repository/com/google/errorprone/error_prone_annotations/2.1.3/error_prone_annotations-2.1.3.jar:/Users/shanmugapriya_sabapa/.m2/repository/com/google/j2objc/j2objc-annotations/1.1/j2objc-annotations-1.1.jar:/Users/shanmugapriya_sabapa/.m2/repository/org/codehaus/mojo/animal-sniffer-annotations/1.14/animal-sniffer-annotations-1.14.jar:/Users/shanmugapriya_sabapa/.m2/repository/com/squareup/okhttp3/okhttp/3.11.0/okhttp-3.11.0.jar:/Users/shanmugapriya_sabapa/.m2/repository/com/squareup/okio/okio/1.14.0/okio-1.14.0.jar:/Users/shanmugapriya_sabapa/.m2/repository/io/github/bonigarcia/webdrivermanager/4.2.2/webdrivermanager-4.2.2.jar:/Users/shanmugapriya_sabapa/.m2/repository/org/slf4j/slf4j-api/1.7.30/slf4j-api-1.7.30.jar:/Users/shanmugapriya_sabapa/.m2/repository/commons-io/commons-io/2.8.0/commons-io-2.8.0.jar:/Users/shanmugapriya_sabapa/.m2/repository/com/google/code/gson/gson/2.8.6/gson-2.8.6.jar:/Users/shanmugapriya_sabapa/.m2/repository/org/apache/commons/commons-lang3/3.11/commons-lang3-3.11.jar:/Users/shanmugapriya_sabapa/.m2/repository/org/apache/httpcomponents/client5/httpclient5/5.0.1/httpclient5-5.0.1.jar:/Users/shanmugapriya_sabapa/.m2/repository/org/apache/httpcomponents/core5/httpcore5/5.0.1/httpcore5-5.0.1.jar:/Users/shanmugapriya_sabapa/.m2/repository/org/apache/httpcomponents/core5/httpcore5-h2/5.0.1/httpcore5-h2-5.0.1.jar:/Users/shanmugapriya_sabapa/.m2/repository/commons-codec/commons-codec/1.13/commons-codec-1.13.jar:/Users/shanmugapriya_sabapa/.m2/repository/org/rauschig/jarchivelib/1.1.0/jarchivelib-1.1.0.jar:/Users/shanmugapriya_sabapa/.m2/repository/org/apache/commons/commons-compress/1.20/commons-compress-1.20.jar:/Users/shanmugapriya_sabapa/.m2/repository/org/jsoup/jsoup/1.13.1/jsoup-1.13.1.jar:/Users/shanmugapriya_sabapa/.m2/repository/tech/grasshopper/extentreports-cucumber6-adapter/2.8.4/extentreports-cucumber6-adapter-2.8.4.jar:/Users/shanmugapriya_sabapa/.m2/repository/com/aventstack/extentreports/5.0.8/extentreports-5.0.8.jar:/Users/shanmugapriya_sabapa/.m2/repository/io/reactivex/rxjava3/rxjava/3.0.4/rxjava-3.0.4.jar:/Users/shanmugapriya_sabapa/.m2/repository/org/reactivestreams/reactive-streams/1.0.3/reactive-streams-1.0.3.jar:/Users/shanmugapriya_sabapa/.m2/repository/org/freemarker/freemarker/2.3.30/freemarker-2.3.30.jar:/Users/shanmugapriya_sabapa/.m2/repository/org/projectlombok/lombok/1.18.12/lombok-1.18.12.jar:/Users/shanmugapriya_sabapa/.m2/repository/tech/grasshopper/extent-pdf-report/1.7.4/extent-pdf-report-1.7.4.jar:/Users/shanmugapriya_sabapa/.m2/repository/tech/grasshopper/cucumber-pdf-report/2.2.4/cucumber-pdf-report-2.2.4.jar:/Users/shanmugapriya_sabapa/.m2/repository/org/apache/pdfbox/pdfbox/2.0.22/pdfbox-2.0.22.jar:/Users/shanmugapriya_sabapa/.m2/repository/org/apache/pdfbox/fontbox/2.0.22/fontbox-2.0.22.jar:/Users/shanmugapriya_sabapa/.m2/repository/org/knowm/xchart/xchart/3.8.0/xchart-3.8.0.jar:/Users/shanmugapriya_sabapa/.m2/repository/de/erichseifert/vectorgraphics2d/VectorGraphics2D/0.13/VectorGraphics2D-0.13.jar:/Users/shanmugapriya_sabapa/.m2/repository/de/rototor/pdfbox/graphics2d/0.30/graphics2d-0.30.jar:/Users/shanmugapriya_sabapa/.m2/repository/com/madgag/animated-gif-lib/1.4/animated-gif-lib-1.4.jar:/Users/shanmugapriya_sabapa/.m2/repository/org/yaml/snakeyaml/1.28/snakeyaml-1.28.jar:/Users/shanmugapriya_sabapa/.m2/repository/tech/grasshopper/table-layout/1.2.0/table-layout-1.2.0.jar:/Users/shanmugapriya_sabapa/.m2/repository/com/aventstack/klov-reporter/5.0.8/klov-reporter-5.0.8.jar:/Users/shanmugapriya_sabapa/.m2/repository/org/mongodb/bson/3.6.4/bson-3.6.4.jar:/Users/shanmugapriya_sabapa/.m2/repository/org/apache/httpcomponents/httpclient/4.5.2/httpclient-4.5.2.jar:/Users/shanmugapriya_sabapa/.m2/repository/org/apache/httpcomponents/httpcore/4.4.4/httpcore-4.4.4.jar:/Users/shanmugapriya_sabapa/.m2/repository/commons-logging/commons-logging/1.2/commons-logging-1.2.jar:/Users/shanmugapriya_sabapa/.m2/repository/org/apache/httpcomponents/httpmime/4.5.2/httpmime-4.5.2.jar:/Users/shanmugapriya_sabapa/.m2/repository/org/mongodb/mongodb-driver/3.3.0/mongodb-driver-3.3.0.jar:/Users/shanmugapriya_sabapa/.m2/repository/org/mongodb/mongodb-driver-core/3.3.0/mongodb-driver-core-3.3.0.jar:"/>
    <property name="sun.cpu.endian" value="little"/>
    <property name="user.home" value="/Users/shanmugapriya_sabapa"/>
    <property name="user.language" value="en"/>
    <property name="java.specification.vendor" value="Oracle Corporation"/>
    <property name="java.home" value="/Library/Java/JavaVirtualMachines/jdk1.8.0_301.jdk/Contents/Home/jre"/>
    <property name="basedir" value="/Users/shanmugapriya_sabapa/Desktop/Naveen materials/workspaces"/>
    <property name="file.separator" value="/"/>
    <property name="line.separator" value="&#10;"/>
    <property name="java.vm.specification.vendor" value="Oracle Corporation"/>
    <property name="java.specification.name" value="Java Platform API Specification"/>
    <property name="java.awt.graphicsenv" value="sun.awt.CGraphicsEnvironment"/>
    <property name="surefire.real.class.path" value="/Users/shanmugapriya_sabapa/Desktop/Naveen materials/workspaces/target/surefire/surefirebooter6470358156343393130.jar"/>
    <property name="sun.boot.class.path" value="/Library/Java/JavaVirtualMachines/jdk1.8.0_301.jdk/Contents/Home/jre/lib/resources.jar:/Library/Java/JavaVirtualMachines/jdk1.8.0_301.jdk/Contents/Home/jre/lib/rt.jar:/Library/Java/JavaVirtualMachines/jdk1.8.0_301.jdk/Contents/Home/jre/lib/sunrsasign.jar:/Library/Java/JavaVirtualMachines/jdk1.8.0_301.jdk/Contents/Home/jre/lib/jsse.jar:/Library/Java/JavaVirtualMachines/jdk1.8.0_301.jdk/Contents/Home/jre/lib/jce.jar:/Library/Java/JavaVirtualMachines/jdk1.8.0_301.jdk/Contents/Home/jre/lib/charsets.jar:/Library/Java/JavaVirtualMachines/jdk1.8.0_301.jdk/Contents/Home/jre/lib/jfr.jar:/Library/Java/JavaVirtualMachines/jdk1.8.0_301.jdk/Contents/Home/jre/classes"/>
    <property name="sun.management.compiler" value="HotSpot 64-Bit Tiered Compilers"/>
    <property name="ftp.nonProxyHosts" value="local|*.local|169.254/16|*.169.254/16"/>
    <property name="java.runtime.version" value="1.8.0_301-b09"/>
    <property name="user.name" value="shanmugapriya_sabapa"/>
    <property name="path.separator" value=":"/>
    <property name="os.version" value="10.15.7"/>
    <property name="java.endorsed.dirs" value="/Library/Java/JavaVirtualMachines/jdk1.8.0_301.jdk/Contents/Home/jre/lib/endorsed"/>
    <property name="java.runtime.name" value="Java(TM) SE Runtime Environment"/>
    <property name="file.encoding" value="US-ASCII"/>
    <property name="java.vm.name" value="Java HotSpot(TM) 64-Bit Server VM"/>
    <property name="localRepository" value="/Users/shanmugapriya_sabapa/.m2/repository"/>
    <property name="java.vendor.url.bug" value="http://bugreport.sun.com/bugreport/"/>
    <property name="java.io.tmpdir" value="/var/folders/dm/9kwhxr2x1jd7ch8qd73pdvhnpj6bk3/T/"/>
    <property name="java.version" value="1.8.0_301"/>
    <property name="user.dir" value="/Users/shanmugapriya_sabapa/Desktop/Naveen materials/workspaces"/>
    <property name="os.arch" value="x86_64"/>
    <property name="java.vm.specification.name" value="Java Virtual Machine Specification"/>
    <property name="java.awt.printerjob" value="sun.lwawt.macosx.CPrinterJob"/>
    <property name="sun.os.patch.level" value="unknown"/>
    <property name="java.library.path" value="/Users/shanmugapriya_sabapa/Library/Java/Extensions:/Library/Java/Extensions:/Network/Library/Java/Extensions:/System/Library/Java/Extensions:/usr/lib/java:."/>
    <property name="java.vm.info" value="mixed mode"/>
    <property name="java.vendor" value="Oracle Corporation"/>
    <property name="java.vm.version" value="25.301-b09"/>
    <property name="java.ext.dirs" value="/Users/shanmugapriya_sabapa/Library/Java/Extensions:/Library/Java/JavaVirtualMachines/jdk1.8.0_301.jdk/Contents/Home/jre/lib/ext:/Library/Java/Extensions:/Network/Library/Java/Extensions:/System/Library/Java/Extensions:/usr/lib/java"/>
    <property name="sun.io.unicode.encoding" value="UnicodeBig"/>
    <property name="java.class.version" value="52.0"/>
    <property name="socksNonProxyHosts" value="local|*.local|169.254/16|*.169.254/16"/>
  </properties>
  <testcase name="Login page title" classname="Login page feature" time="12.714"/>
  <testcase name="Forgot password link" classname="Login page feature" time="7.475">
    <error message="no such element: Unable to locate element: {&quot;method&quot;:&quot;link text&quot;,&quot;selector&quot;:&quot;Forgot your password??&quot;}&#10;  (Session info: chrome=94.0.4606.71)&#10;For documentation on this error, please visit: https://www.seleniumhq.org/exceptions/no_such_element.html&#10;Build info: version: &apos;3.141.59&apos;, revision: &apos;e82be7d358&apos;, time: &apos;2018-11-14T08:17:03&apos;&#10;System info: host: &apos;M-C02XHLYSJG5J&apos;, ip: &apos;fe80:0:0:0:14c7:4777:d55f:d61b%en0&apos;, os.name: &apos;Mac OS X&apos;, os.arch: &apos;x86_64&apos;, os.version: &apos;10.15.7&apos;, java.version: &apos;1.8.0_301&apos;&#10;Driver info: org.openqa.selenium.chrome.ChromeDriver&#10;Capabilities {acceptInsecureCerts: false, browserName: chrome, browserVersion: 94.0.4606.71, chrome: {chromedriverVersion: 94.0.4606.61 (418b78f5838ed..., userDataDir: /var/folders/dm/9kwhxr2x1jd...}, goog:chromeOptions: {debuggerAddress: localhost:49373}, javascriptEnabled: true, networkConnectionEnabled: false, pageLoadStrategy: normal, platform: MAC, platformName: MAC, proxy: Proxy(), setWindowRect: true, strictFileInteractability: false, timeouts: {implicit: 0, pageLoad: 300000, script: 30000}, unhandledPromptBehavior: dismiss and notify, webauthn:extension:credBlob: true, webauthn:extension:largeBlob: true, webauthn:virtualAuthenticators: true}&#10;Session ID: 17ddc6d5091c5d16279a767eb6085340&#10;*** Element info: {Using=link text, value=Forgot your password??}" type="org.openqa.selenium.NoSuchElementException">org.openqa.selenium.NoSuchElementException: 
no such element: Unable to locate element: {"method":"link text","selector":"Forgot your password??"}
  (Session info: chrome=94.0.4606.71)
For documentation on this error, please visit: https://www.seleniumhq.org/exceptions/no_such_element.html
Build info: version: '3.141.59', revision: 'e82be7d358', time: '2018-11-14T08:17:03'
System info: host: 'M-C02XHLYSJG5J', ip: 'fe80:0:0:0:14c7:4777:d55f:d61b%en0', os.name: 'Mac OS X', os.arch: 'x86_64', os.version: '10.15.7', java.version: '1.8.0_301'
Driver info: org.openqa.selenium.chrome.ChromeDriver
Capabilities {acceptInsecureCerts: false, browserName: chrome, browserVersion: 94.0.4606.71, chrome: {chromedriverVersion: 94.0.4606.61 (418b78f5838ed..., userDataDir: /var/folders/dm/9kwhxr2x1jd...}, goog:chromeOptions: {debuggerAddress: localhost:49373}, javascriptEnabled: true, networkConnectionEnabled: false, pageLoadStrategy: normal, platform: MAC, platformName: MAC, proxy: Proxy(), setWindowRect: true, strictFileInteractability: false, timeouts: {implicit: 0, pageLoad: 300000, script: 30000}, unhandledPromptBehavior: dismiss and notify, webauthn:extension:credBlob: true, webauthn:extension:largeBlob: true, webauthn:virtualAuthenticators: true}
Session ID: 17ddc6d5091c5d16279a767eb6085340
*** Element info: {Using=link text, value=Forgot your password??}
</error>
    <system-out><![CDATA[
Scenario: Forgot password link                       &amp#27;[90m# src/test/resources/Appfeatures/LoginPage.feature:7&amp#27;[0m
browser:chrome
  &amp#27;[32mGiven &amp#27;[0m&amp#27;[32muser is on login page&amp#27;[0m                        &amp#27;[90m# stepdefinitions.LoginPageSteps.userIsOnLoginPage()&amp#27;[0m
  &amp#27;[31mThen &amp#27;[0m&amp#27;[31mforgot your password link should be displayed&amp#27;[0m &amp#27;[90m# stepdefinitions.LoginPageSteps.forgotYourPasswordLinkShouldBeDisplayed()&amp#27;[0m
      &amp#27;[31morg.openqa.selenium.NoSuchElementException: no such element: Unable to locate element: {"method":"link text","selector":"Forgot your password??"}
  (Session info: chrome=94.0.4606.71)
For documentation on this error, please visit: https://www.seleniumhq.org/exceptions/no_such_element.html
Build info: version: '3.141.59', revision: 'e82be7d358', time: '2018-11-14T08:17:03'
System info: host: 'M-C02XHLYSJG5J', ip: 'fe80:0:0:0:14c7:4777:d55f:d61b%en0', os.name: 'Mac OS X', os.arch: 'x86_64', os.version: '10.15.7', java.version: '1.8.0_301'
Driver info: org.openqa.selenium.chrome.ChromeDriver
Capabilities {acceptInsecureCerts: false, browserName: chrome, browserVersion: 94.0.4606.71, chrome: {chromedriverVersion: 94.0.4606.61 (418b78f5838ed..., userDataDir: /var/folders/dm/9kwhxr2x1jd...}, goog:chromeOptions: {debuggerAddress: localhost:49373}, javascriptEnabled: true, networkConnectionEnabled: false, pageLoadStrategy: normal, platform: MAC, platformName: MAC, proxy: Proxy(), setWindowRect: true, strictFileInteractability: false, timeouts: {implicit: 0, pageLoad: 300000, script: 30000}, unhandledPromptBehavior: dismiss and notify, webauthn:extension:credBlob: true, webauthn:extension:largeBlob: true, webauthn:virtualAuthenticators: true}
Session ID: 17ddc6d5091c5d16279a767eb6085340
*** Element info: {Using=link text, value=Forgot your password??}
	at sun.reflect.NativeConstructorAccessorImpl.newInstance0(Native Method)
	at sun.reflect.NativeConstructorAccessorImpl.newInstance(NativeConstructorAccessorImpl.java:62)
	at sun.reflect.DelegatingConstructorAccessorImpl.newInstance(DelegatingConstructorAccessorImpl.java:45)
	at java.lang.reflect.Constructor.newInstance(Constructor.java:423)
	at org.openqa.selenium.remote.http.W3CHttpResponseCodec.createException(W3CHttpResponseCodec.java:187)
	at org.openqa.selenium.remote.http.W3CHttpResponseCodec.decode(W3CHttpResponseCodec.java:122)
	at org.openqa.selenium.remote.http.W3CHttpResponseCodec.decode(W3CHttpResponseCodec.java:49)
	at org.openqa.selenium.remote.HttpCommandExecutor.execute(HttpCommandExecutor.java:158)
	at org.openqa.selenium.remote.service.DriverCommandExecutor.execute(DriverCommandExecutor.java:83)
	at org.openqa.selenium.remote.RemoteWebDriver.execute(RemoteWebDriver.java:552)
	at org.openqa.selenium.remote.RemoteWebDriver.findElement(RemoteWebDriver.java:323)
	at org.openqa.selenium.remote.RemoteWebDriver.findElementByLinkText(RemoteWebDriver.java:380)
	at org.openqa.selenium.By$ByLinkText.findElement(By.java:220)
	at org.openqa.selenium.remote.RemoteWebDriver.findElement(RemoteWebDriver.java:315)
	at com.pages.LoginPage.isForgotPasswordLinkPresent(LoginPage.java:39)
	at stepdefinitions.LoginPageSteps.forgotYourPasswordLinkShouldBeDisplayed(LoginPageSteps.java:34)
	at ���.forgot your password link should be displayed(file:///Users/shanmugapriya_sabapa/Desktop/Naveen%20materials/workspaces/src/test/resources/Appfeatures/LoginPage.feature:9)
&amp#27;[0m

    Embedding Forgot_password_link [image/png 317986 bytes]

]]></system-out>
    <system-err><![CDATA[Starting ChromeDriver 94.0.4606.61 (418b78f5838ed0b1c69bb4e51ea0252171854915-refs/branch-heads/4606@{#1204}) on port 43513
Only local connections are allowed.
Please see https://chromedriver.chromium.org/security-considerations for suggestions on keeping ChromeDriver safe.
ChromeDriver was started successfully.
Oct 02, 2021 7:52:22 PM org.openqa.selenium.remote.ProtocolHandshake createSession
INFO: Detected dialect: W3C
]]></system-err>
  </testcase>
  <testcase name="Login with correct credentials" classname="Login page feature" time="9.588"/>
</testsuite>